sed: 1: "../Results/linear_K7_N3 ...": invalid command code .
sed: 1: "../Results/linear_K7_N3 ...": invalid command code .
sed: 1: "../Results/linear_K7_N3 ...": invalid command code .
sed: 1: "../Results/linear_K7_N3 ...": invalid command code .
sed: 1: "../Results/linear_K7_N3 ...": invalid command code .
/bin/sh: pdflatex: command not found
mv: rename linear_K7_N3_m3_gaussian.pdf to ../Results/linear_K7_N3_gaussian_m=3_delta=0.05_epsilon=0.0/linear_K7_N3_m3_gaussian.pdf: No such file or directory
Is H_LinGapE < 2*H_UGapE? : True
-----------------------------
---- LateX file creation ----
-----------------------------
- Header created
- Footer created
- Score table created
- Parameter table created
- Problem table created
- Figure plot created
---- Plot of Explora
- Plots of results created
---- Output of Explora
- Comparative table created
LaTeX file has been successfully created and stored in '../Results/linear_K7_N3_gaussian_m=3_delta=0.05_epsilon=0.0/linear_K7_N3_m3_gaussian.tex'
--------------------------
---- Boxplot creation ----
--------------------------
************************************************************************************************************************************************************
************************************************************************************************************************************************************
************************************************************************************************************************************************************
************************************************************************************************************************************************************
************************************************************************************************************************************************************
************************************************************************************************************************************************************
************************************************************************************************************************************************************
************************************************************************************************************************************************************
************************************************************************************************************************************************************
************************************************************************************************************************************************************
************************************************************************************************************************************************************
************************************************************************************************************************************************************
************************************************************************************************************************************************************
************************************************************************************************************************************************************
---- Output of Explora
Traceback (most recent call last):
  File "main.py", line 406, in <module>
    utils.build_boxplot_per_experiment(path_to_plots, args.data, K, N, m, args.problem, omega_str)
  File "/Users/venktesh_1/Downloads/top-m-arm/Code/utils.py", line 944, in build_boxplot_per_experiment
    assert all([s > 0 for s in sample_complexity])
AssertionError
